npm warn cleanup Failed to remove some directories [
npm warn cleanup   [
npm warn cleanup     '\\\\?\\C:\\Users\\Orlando\\Desktop\\dev\\nextjs\\quick-ticket\\node_modules\\@rollup\\rollup-win32-x64-msvc',
npm warn cleanup     [Error: ENOTEMPTY: directory not empty, rmdir 'C:\Users\Orlando\Desktop\dev\nextjs\quick-ticket\node_modules\@rollup\rollup-win32-x64-msvc'] {
npm warn cleanup       errno: -4051,
npm warn cleanup       code: 'ENOTEMPTY',
npm warn cleanup       syscall: 'rmdir',
npm warn cleanup       path: 'C:\\Users\\Orlando\\Desktop\\dev\\nextjs\\quick-ticket\\node_modules\\@rollup\\rollup-win32-x64-msvc'
npm warn cleanup     }
npm warn cleanup   ],
npm warn cleanup   [
npm warn cleanup     '\\\\?\\C:\\Users\\Orlando\\Desktop\\dev\\nextjs\\quick-ticket\\node_modules\\@opentelemetry\\instrumentation-http\\node_modules\\@opentelemetry\\instrumentation',
npm warn cleanup     [Error: EPERM: operation not permitted, unlink 'C:\Users\Orlando\Desktop\dev\nextjs\quick-ticket\node_modules\@opentelemetry\instrumentation-http\node_modules\@opentelemetry\instrumentation\LICENSE'] {
npm warn cleanup       errno: -4048,
npm warn cleanup       code: 'EPERM',
npm warn cleanup       syscall: 'unlink',
npm warn cleanup       path: 'C:\\Users\\Orlando\\Desktop\\dev\\nextjs\\quick-ticket\\node_modules\\@opentelemetry\\instrumentation-http\\node_modules\\@opentelemetry\\instrumentation\\LICENSE'
npm warn cleanup     }
npm warn cleanup   ],
npm warn cleanup   [
npm warn cleanup     '\\\\?\\C:\\Users\\Orlando\\Desktop\\dev\\nextjs\\quick-ticket\\node_modules\\terser',
npm warn cleanup     [Error: ENOTEMPTY: directory not empty, rmdir 'C:\Users\Orlando\Desktop\dev\nextjs\quick-ticket\node_modules\terser\dist'] {
npm warn cleanup       errno: -4051,
npm warn cleanup       code: 'ENOTEMPTY',
npm warn cleanup       syscall: 'rmdir',
npm warn cleanup       path: 'C:\\Users\\Orlando\\Desktop\\dev\\nextjs\\quick-ticket\\node_modules\\terser\\dist'
npm warn cleanup     }
npm warn cleanup   ],
npm warn cleanup   [
npm warn cleanup     '\\\\?\\C:\\Users\\Orlando\\Desktop\\dev\\nextjs\\quick-ticket\\node_modules\\@rollup',
npm warn cleanup     [Error: EPERM: operation not permitted, lstat 'C:\Users\Orlando\Desktop\dev\nextjs\quick-ticket\node_modules\@rollup\rollup-win32-x64-msvc\rollup.win32-x64-msvc.node'] {
npm warn cleanup       errno: -4048,
npm warn cleanup       code: 'EPERM',
npm warn cleanup       syscall: 'lstat',
npm warn cleanup       path: 'C:\\Users\\Orlando\\Desktop\\dev\\nextjs\\quick-ticket\\node_modules\\@rollup\\rollup-win32-x64-msvc\\rollup.win32-x64-msvc.node'
npm warn cleanup     }
npm warn cleanup   ],
npm warn cleanup   [
npm warn cleanup     '\\\\?\\C:\\Users\\Orlando\\Desktop\\dev\\nextjs\\quick-ticket\\node_modules\\@sentry\\cli-win32-x64',
npm warn cleanup     [Error: ENOTEMPTY: directory not empty, rmdir 'C:\Users\Orlando\Desktop\dev\nextjs\quick-ticket\node_modules\@sentry\cli-win32-x64\bin'] {
npm warn cleanup       errno: -4051,
npm warn cleanup       code: 'ENOTEMPTY',
npm warn cleanup       syscall: 'rmdir',
npm warn cleanup       path: 'C:\\Users\\Orlando\\Desktop\\dev\\nextjs\\quick-ticket\\node_modules\\@sentry\\cli-win32-x64\\bin'
npm warn cleanup     }
npm warn cleanup   ],
npm warn cleanup   [
npm warn cleanup     '\\\\?\\C:\\Users\\Orlando\\Desktop\\dev\\nextjs\\quick-ticket\\node_modules\\hoist-non-react-statics',
npm warn cleanup     [Error: EPERM: operation not permitted, unlink 'C:\Users\Orlando\Desktop\dev\nextjs\quick-ticket\node_modules\hoist-non-react-statics\dist\hoist-non-react-statics.js'] {
npm warn cleanup       errno: -4048,
npm warn cleanup       code: 'EPERM',
npm warn cleanup       syscall: 'unlink',
npm warn cleanup       path: 'C:\\Users\\Orlando\\Desktop\\dev\\nextjs\\quick-ticket\\node_modules\\hoist-non-react-statics\\dist\\hoist-non-react-statics.js'
npm warn cleanup     }
npm warn cleanup   ],
npm warn cleanup   [
npm warn cleanup     '\\\\?\\C:\\Users\\Orlando\\Desktop\\dev\\nextjs\\quick-ticket\\node_modules\\webpack',
npm warn cleanup     [Error: EPERM: operation not permitted, unlink 'C:\Users\Orlando\Desktop\dev\nextjs\quick-ticket\node_modules\webpack\lib\Compilation.js'] {
npm warn cleanup       errno: -4048,
npm warn cleanup       code: 'EPERM',
npm warn cleanup       syscall: 'unlink',
npm warn cleanup       path: 'C:\\Users\\Orlando\\Desktop\\dev\\nextjs\\quick-ticket\\node_modules\\webpack\\lib\\Compilation.js'
npm warn cleanup     }
npm warn cleanup   ],
npm warn cleanup   [
npm warn cleanup     '\\\\?\\C:\\Users\\Orlando\\Desktop\\dev\\nextjs\\quick-ticket\\node_modules\\@sentry',
npm warn cleanup     [Error: EPERM: operation not permitted, lstat 'C:\Users\Orlando\Desktop\dev\nextjs\quick-ticket\node_modules\@sentry\cli-win32-x64\bin\sentry-cli.exe'] {
npm warn cleanup       errno: -4048,
npm warn cleanup       code: 'EPERM',
npm warn cleanup       syscall: 'lstat',
npm warn cleanup       path: 'C:\\Users\\Orlando\\Desktop\\dev\\nextjs\\quick-ticket\\node_modules\\@sentry\\cli-win32-x64\\bin\\sentry-cli.exe'
npm warn cleanup     }
npm warn cleanup   ],
npm warn cleanup   [
npm warn cleanup     '\\\\?\\C:\\Users\\Orlando\\Desktop\\dev\\nextjs\\quick-ticket\\node_modules\\@sentry\\bundler-plugin-core',
npm warn cleanup     [Error: ENOTEMPTY: directory not empty, rmdir 'C:\Users\Orlando\Desktop\dev\nextjs\quick-ticket\node_modules\@sentry\bundler-plugin-core\dist\cjs'] {
npm warn cleanup       errno: -4051,
npm warn cleanup       code: 'ENOTEMPTY',
npm warn cleanup       syscall: 'rmdir',
npm warn cleanup       path: 'C:\\Users\\Orlando\\Desktop\\dev\\nextjs\\quick-ticket\\node_modules\\@sentry\\bundler-plugin-core\\dist\\cjs'
npm warn cleanup     }
npm warn cleanup   ],
npm warn cleanup   [
npm warn cleanup     '\\\\?\\C:\\Users\\Orlando\\Desktop\\dev\\nextjs\\quick-ticket\\node_modules\\@opentelemetry\\instrumentation-http\\node_modules',
npm warn cleanup     [Error: EPERM: operation not permitted, unlink 'C:\Users\Orlando\Desktop\dev\nextjs\quick-ticket\node_modules\@opentelemetry\instrumentation-http\node_modules\@opentelemetry\instrumentation\LICENSE'] {
npm warn cleanup       errno: -4048,
npm warn cleanup       code: 'EPERM',
npm warn cleanup       syscall: 'unlink',
npm warn cleanup       path: 'C:\\Users\\Orlando\\Desktop\\dev\\nextjs\\quick-ticket\\node_modules\\@opentelemetry\\instrumentation-http\\node_modules\\@opentelemetry\\instrumentation\\LICENSE'
npm warn cleanup     }
npm warn cleanup   ],
npm warn cleanup   [
npm warn cleanup     '\\\\?\\C:\\Users\\Orlando\\Desktop\\dev\\nextjs\\quick-ticket\\node_modules\\@opentelemetry\\instrumentation-connect\\node_modules\\@opentelemetry\\semantic-conventions',
npm warn cleanup     [Error: EPERM: operation not permitted, unlink 'C:\Users\Orlando\Desktop\dev\nextjs\quick-ticket\node_modules\@opentelemetry\instrumentation-connect\node_modules\@opentelemetry\semantic-conventions\build\esm\experimental_attributes.js'] {
npm warn cleanup       errno: -4048,
npm warn cleanup       code: 'EPERM',
npm warn cleanup       syscall: 'unlink',
npm warn cleanup       path: 'C:\\Users\\Orlando\\Desktop\\dev\\nextjs\\quick-ticket\\node_modules\\@opentelemetry\\instrumentation-connect\\node_modules\\@opentelemetry\\semantic-conventions\\build\\esm\\experimental_attributes.js'
npm warn cleanup     }
npm warn cleanup   ],
npm warn cleanup   [
npm warn cleanup     '\\\\?\\C:\\Users\\Orlando\\Desktop\\dev\\nextjs\\quick-ticket\\node_modules\\@opentelemetry\\instrumentation-express\\node_modules\\@opentelemetry\\semantic-conventions',
npm warn cleanup     [Error: EPERM: operation not permitted, unlink 'C:\Users\Orlando\Desktop\dev\nextjs\quick-ticket\node_modules\@opentelemetry\instrumentation-express\node_modules\@opentelemetry\semantic-conventions\build\src\experimental_attributes.js'] {
npm warn cleanup       errno: -4048,
npm warn cleanup       code: 'EPERM',
npm warn cleanup       syscall: 'unlink',
npm warn cleanup       path: 'C:\\Users\\Orlando\\Desktop\\dev\\nextjs\\quick-ticket\\node_modules\\@opentelemetry\\instrumentation-express\\node_modules\\@opentelemetry\\semantic-conventions\\build\\src\\experimental_attributes.js'
npm warn cleanup     }
npm warn cleanup   ],
npm warn cleanup   [
npm warn cleanup     '\\\\?\\C:\\Users\\Orlando\\Desktop\\dev\\nextjs\\quick-ticket\\node_modules\\@fastify\\otel\\node_modules\\@opentelemetry\\semantic-conventions',
npm warn cleanup     [Error: EPERM: operation not permitted, unlink 'C:\Users\Orlando\Desktop\dev\nextjs\quick-ticket\node_modules\@fastify\otel\node_modules\@opentelemetry\semantic-conventions\build\esnext\experimental_attributes.js'] {
npm warn cleanup       errno: -4048,
npm warn cleanup       code: 'EPERM',
npm warn cleanup       syscall: 'unlink',
npm warn cleanup       path: 'C:\\Users\\Orlando\\Desktop\\dev\\nextjs\\quick-ticket\\node_modules\\@fastify\\otel\\node_modules\\@opentelemetry\\semantic-conventions\\build\\esnext\\experimental_attributes.js'
npm warn cleanup     }
npm warn cleanup   ],
npm warn cleanup   [
npm warn cleanup     '\\\\?\\C:\\Users\\Orlando\\Desktop\\dev\\nextjs\\quick-ticket\\node_modules\\@opentelemetry\\instrumentation-fs\\node_modules\\@opentelemetry\\semantic-conventions',
npm warn cleanup     [Error: EPERM: operation not permitted, unlink 'C:\Users\Orlando\Desktop\dev\nextjs\quick-ticket\node_modules\@opentelemetry\instrumentation-fs\node_modules\@opentelemetry\semantic-conventions\build\src\experimental_attributes.js.map'] {
npm warn cleanup       errno: -4048,
npm warn cleanup       code: 'EPERM',
npm warn cleanup       syscall: 'unlink',
npm warn cleanup       path: 'C:\\Users\\Orlando\\Desktop\\dev\\nextjs\\quick-ticket\\node_modules\\@opentelemetry\\instrumentation-fs\\node_modules\\@opentelemetry\\semantic-conventions\\build\\src\\experimental_attributes.js.map'
npm warn cleanup     }
npm warn cleanup   ],
npm warn cleanup   [
npm warn cleanup     '\\\\?\\C:\\Users\\Orlando\\Desktop\\dev\\nextjs\\quick-ticket\\node_modules\\@opentelemetry\\instrumentation-koa\\node_modules\\@opentelemetry\\semantic-conventions',
npm warn cleanup     [Error: EPERM: operation not permitted, unlink 'C:\Users\Orlando\Desktop\dev\nextjs\quick-ticket\node_modules\@opentelemetry\instrumentation-koa\node_modules\@opentelemetry\semantic-conventions\build\esm\experimental_attributes.js'] {
npm warn cleanup       errno: -4048,
npm warn cleanup       code: 'EPERM',
npm warn cleanup       syscall: 'unlink',
npm warn cleanup       path: 'C:\\Users\\Orlando\\Desktop\\dev\\nextjs\\quick-ticket\\node_modules\\@opentelemetry\\instrumentation-koa\\node_modules\\@opentelemetry\\semantic-conventions\\build\\esm\\experimental_attributes.js'
npm warn cleanup     }
npm warn cleanup   ],
npm warn cleanup   [
npm warn cleanup     '\\\\?\\C:\\Users\\Orlando\\Desktop\\dev\\nextjs\\quick-ticket\\node_modules\\@opentelemetry\\instrumentation-mongoose\\node_modules\\@opentelemetry\\semantic-conventions',
npm warn cleanup     [Error: EPERM: operation not permitted, unlink 'C:\Users\Orlando\Desktop\dev\nextjs\quick-ticket\node_modules\@opentelemetry\instrumentation-mongoose\node_modules\@opentelemetry\semantic-conventions\build\esnext\experimental_attributes.js'] {
npm warn cleanup       errno: -4048,
npm warn cleanup       code: 'EPERM',
npm warn cleanup       syscall: 'unlink',
npm warn cleanup       path: 'C:\\Users\\Orlando\\Desktop\\dev\\nextjs\\quick-ticket\\node_modules\\@opentelemetry\\instrumentation-mongoose\\node_modules\\@opentelemetry\\semantic-conventions\\build\\esnext\\experimental_attributes.js'
npm warn cleanup     }
npm warn cleanup   ],
npm warn cleanup   [
npm warn cleanup     '\\\\?\\C:\\Users\\Orlando\\Desktop\\dev\\nextjs\\quick-ticket\\node_modules\\@opentelemetry\\instrumentation-pg\\node_modules\\@opentelemetry\\semantic-conventions',
npm warn cleanup     [Error: EPERM: operation not permitted, unlink 'C:\Users\Orlando\Desktop\dev\nextjs\quick-ticket\node_modules\@opentelemetry\instrumentation-pg\node_modules\@opentelemetry\semantic-conventions\build\esnext\experimental_attributes.js'] {
npm warn cleanup       errno: -4048,
npm warn cleanup       code: 'EPERM',
npm warn cleanup       syscall: 'unlink',
npm warn cleanup       path: 'C:\\Users\\Orlando\\Desktop\\dev\\nextjs\\quick-ticket\\node_modules\\@opentelemetry\\instrumentation-pg\\node_modules\\@opentelemetry\\semantic-conventions\\build\\esnext\\experimental_attributes.js'
npm warn cleanup     }
npm warn cleanup   ],
npm warn cleanup   [
npm warn cleanup     '\\\\?\\C:\\Users\\Orlando\\Desktop\\dev\\nextjs\\quick-ticket\\node_modules\\rollup',
npm warn cleanup     [Error: ENOTEMPTY: directory not empty, rmdir 'C:\Users\Orlando\Desktop\dev\nextjs\quick-ticket\node_modules\rollup\dist\es\shared'] {
npm warn cleanup       errno: -4051,
npm warn cleanup       code: 'ENOTEMPTY',
npm warn cleanup       syscall: 'rmdir',
npm warn cleanup       path: 'C:\\Users\\Orlando\\Desktop\\dev\\nextjs\\quick-ticket\\node_modules\\rollup\\dist\\es\\shared'
npm warn cleanup     }
npm warn cleanup   ],
npm warn cleanup   [
npm warn cleanup     '\\\\?\\C:\\Users\\Orlando\\Desktop\\dev\\nextjs\\quick-ticket\\node_modules\\@opentelemetry',
npm warn cleanup     [Error: EPERM: operation not permitted, unlink 'C:\Users\Orlando\Desktop\dev\nextjs\quick-ticket\node_modules\@opentelemetry\semantic-conventions\build\esnext\experimental_attributes.js'] {
npm warn cleanup       errno: -4048,
npm warn cleanup       code: 'EPERM',
npm warn cleanup       syscall: 'unlink',
npm warn cleanup       path: 'C:\\Users\\Orlando\\Desktop\\dev\\nextjs\\quick-ticket\\node_modules\\@opentelemetry\\semantic-conventions\\build\\esnext\\experimental_attributes.js'
npm warn cleanup     }
npm warn cleanup   ],
npm warn cleanup   [
npm warn cleanup     '\\\\?\\C:\\Users\\Orlando\\Desktop\\dev\\nextjs\\quick-ticket\\node_modules\\@babel\\core',
npm warn cleanup     [Error: EPERM: operation not permitted, unlink 'C:\Users\Orlando\Desktop\dev\nextjs\quick-ticket\node_modules\@babel\core\lib\config\files\plugins.js'] {
npm warn cleanup       errno: -4048,
npm warn cleanup       code: 'EPERM',
npm warn cleanup       syscall: 'unlink',
npm warn cleanup       path: 'C:\\Users\\Orlando\\Desktop\\dev\\nextjs\\quick-ticket\\node_modules\\@babel\\core\\lib\\config\\files\\plugins.js'
npm warn cleanup     }
npm warn cleanup   ],
npm warn cleanup   [
npm warn cleanup     '\\\\?\\C:\\Users\\Orlando\\Desktop\\dev\\nextjs\\quick-ticket\\node_modules\\@sentry\\node',
npm warn cleanup     [Error: EPERM: operation not permitted, unlink 'C:\Users\Orlando\Desktop\dev\nextjs\quick-ticket\node_modules\@sentry\node\build\cjs\integrations\winston.js.map'] {
npm warn cleanup       errno: -4048,
npm warn cleanup       code: 'EPERM',
npm warn cleanup       syscall: 'unlink',
npm warn cleanup       path: 'C:\\Users\\Orlando\\Desktop\\dev\\nextjs\\quick-ticket\\node_modules\\@sentry\\node\\build\\cjs\\integrations\\winston.js.map'
npm warn cleanup     }
npm warn cleanup   ],
npm warn cleanup   [
npm warn cleanup     '\\\\?\\C:\\Users\\Orlando\\Desktop\\dev\\nextjs\\quick-ticket\\node_modules\\@opentelemetry\\instrumentation-http',
npm warn cleanup     [Error: EPERM: operation not permitted, unlink 'C:\Users\Orlando\Desktop\dev\nextjs\quick-ticket\node_modules\@opentelemetry\instrumentation-http\node_modules\@opentelemetry\instrumentation\LICENSE'] {
npm warn cleanup       errno: -4048,
npm warn cleanup       code: 'EPERM',
npm warn cleanup       syscall: 'unlink',
npm warn cleanup       path: 'C:\\Users\\Orlando\\Desktop\\dev\\nextjs\\quick-ticket\\node_modules\\@opentelemetry\\instrumentation-http\\node_modules\\@opentelemetry\\instrumentation\\LICENSE'
npm warn cleanup     }
npm warn cleanup   ],
npm warn cleanup   [
npm warn cleanup     '\\\\?\\C:\\Users\\Orlando\\Desktop\\dev\\nextjs\\quick-ticket\\node_modules\\@opentelemetry\\instrumentation-koa\\node_modules\\@opentelemetry\\core',
npm warn cleanup     [Error: EPERM: operation not permitted, unlink 'C:\Users\Orlando\Desktop\dev\nextjs\quick-ticket\node_modules\@opentelemetry\instrumentation-koa\node_modules\@opentelemetry\core\build\esm\trace\TraceState.js.map'] {
npm warn cleanup       errno: -4048,
npm warn cleanup       code: 'EPERM',
npm warn cleanup       syscall: 'unlink',
npm warn cleanup       path: 'C:\\Users\\Orlando\\Desktop\\dev\\nextjs\\quick-ticket\\node_modules\\@opentelemetry\\instrumentation-koa\\node_modules\\@opentelemetry\\core\\build\\esm\\trace\\TraceState.js.map'
npm warn cleanup     }
npm warn cleanup   ],
npm warn cleanup   [
npm warn cleanup     '\\\\?\\C:\\Users\\Orlando\\Desktop\\dev\\nextjs\\quick-ticket\\node_modules\\@opentelemetry\\instrumentation-undici\\node_modules\\@opentelemetry\\semantic-conventions',
npm warn cleanup     [Error: EPERM: operation not permitted, unlink 'C:\Users\Orlando\Desktop\dev\nextjs\quick-ticket\node_modules\@opentelemetry\instrumentation-undici\node_modules\@opentelemetry\semantic-conventions\build\src\resource\SemanticResourceAttributes.js'] {
npm warn cleanup       errno: -4048,
npm warn cleanup       code: 'EPERM',
npm warn cleanup       syscall: 'unlink',
npm warn cleanup       path: 'C:\\Users\\Orlando\\Desktop\\dev\\nextjs\\quick-ticket\\node_modules\\@opentelemetry\\instrumentation-undici\\node_modules\\@opentelemetry\\semantic-conventions\\build\\src\\resource\\SemanticResourceAttributes.js'
npm warn cleanup     }
npm warn cleanup   ],
npm warn cleanup   [
npm warn cleanup     '\\\\?\\C:\\Users\\Orlando\\Desktop\\dev\\nextjs\\quick-ticket\\node_modules\\@opentelemetry\\instrumentation-fs\\node_modules\\@opentelemetry\\core',
npm warn cleanup     [Error: ENOTEMPTY: directory not empty, rmdir 'C:\Users\Orlando\Desktop\dev\nextjs\quick-ticket\node_modules\@opentelemetry\instrumentation-fs\node_modules\@opentelemetry\core\build\src\platform\browser'] {
npm warn cleanup       errno: -4051,
npm warn cleanup       code: 'ENOTEMPTY',
npm warn cleanup       syscall: 'rmdir',
npm warn cleanup       path: 'C:\\Users\\Orlando\\Desktop\\dev\\nextjs\\quick-ticket\\node_modules\\@opentelemetry\\instrumentation-fs\\node_modules\\@opentelemetry\\core\\build\\src\\platform\\browser'
npm warn cleanup     }
npm warn cleanup   ],
npm warn cleanup   [
npm warn cleanup     '\\\\?\\C:\\Users\\Orlando\\Desktop\\dev\\nextjs\\quick-ticket\\node_modules\\@babel',
npm warn cleanup     [Error: EPERM: operation not permitted, unlink 'C:\Users\Orlando\Desktop\dev\nextjs\quick-ticket\node_modules\@babel\core\lib\config\files\plugins.js'] {
npm warn cleanup       errno: -4048,
npm warn cleanup       code: 'EPERM',
npm warn cleanup       syscall: 'unlink',
npm warn cleanup       path: 'C:\\Users\\Orlando\\Desktop\\dev\\nextjs\\quick-ticket\\node_modules\\@babel\\core\\lib\\config\\files\\plugins.js'
npm warn cleanup     }
npm warn cleanup   ],
npm warn cleanup   [
npm warn cleanup     '\\\\?\\C:\\Users\\Orlando\\Desktop\\dev\\nextjs\\quick-ticket\\node_modules\\@opentelemetry\\instrumentation-amqplib\\node_modules',
npm warn cleanup     [Error: EPERM: operation not permitted, unlink 'C:\Users\Orlando\Desktop\dev\nextjs\quick-ticket\node_modules\@opentelemetry\instrumentation-amqplib\node_modules\@opentelemetry\semantic-conventions\build\esnext\experimental_attributes.js'] {
npm warn cleanup       errno: -4048,
npm warn cleanup       code: 'EPERM',
npm warn cleanup       syscall: 'unlink',
npm warn cleanup       path: 'C:\\Users\\Orlando\\Desktop\\dev\\nextjs\\quick-ticket\\node_modules\\@opentelemetry\\instrumentation-amqplib\\node_modules\\@opentelemetry\\semantic-conventions\\build\\esnext\\experimental_attributes.js'
npm warn cleanup     }
npm warn cleanup   ],
npm warn cleanup   [
npm warn cleanup     '\\\\?\\C:\\Users\\Orlando\\Desktop\\dev\\nextjs\\quick-ticket\\node_modules\\@opentelemetry\\instrumentation-express\\node_modules',
npm warn cleanup     [Error: EPERM: operation not permitted, unlink 'C:\Users\Orlando\Desktop\dev\nextjs\quick-ticket\node_modules\@opentelemetry\instrumentation-express\node_modules\@opentelemetry\semantic-conventions\build\src\experimental_attributes.js'] {
npm warn cleanup       errno: -4048,
npm warn cleanup       code: 'EPERM',
npm warn cleanup       syscall: 'unlink',
npm warn cleanup       path: 'C:\\Users\\Orlando\\Desktop\\dev\\nextjs\\quick-ticket\\node_modules\\@opentelemetry\\instrumentation-express\\node_modules\\@opentelemetry\\semantic-conventions\\build\\src\\experimental_attributes.js'
npm warn cleanup     }
npm warn cleanup   ],
npm warn cleanup   [
npm warn cleanup     '\\\\?\\C:\\Users\\Orlando\\Desktop\\dev\\nextjs\\quick-ticket\\node_modules\\@opentelemetry\\instrumentation-undici\\node_modules',
npm warn cleanup     [Error: EPERM: operation not permitted, unlink 'C:\Users\Orlando\Desktop\dev\nextjs\quick-ticket\node_modules\@opentelemetry\instrumentation-undici\node_modules\@opentelemetry\semantic-conventions\build\src\resource\SemanticResourceAttributes.js'] {
npm warn cleanup       errno: -4048,
npm warn cleanup       code: 'EPERM',
npm warn cleanup       syscall: 'unlink',
npm warn cleanup       path: 'C:\\Users\\Orlando\\Desktop\\dev\\nextjs\\quick-ticket\\node_modules\\@opentelemetry\\instrumentation-undici\\node_modules\\@opentelemetry\\semantic-conventions\\build\\src\\resource\\SemanticResourceAttributes.js'
npm warn cleanup     }
npm warn cleanup   ],
npm warn cleanup   [
npm warn cleanup     '\\\\?\\C:\\Users\\Orlando\\Desktop\\dev\\nextjs\\quick-ticket\\node_modules\\@opentelemetry\\instrumentation-connect',
npm warn cleanup     [Error: EPERM: operation not permitted, unlink 'C:\Users\Orlando\Desktop\dev\nextjs\quick-ticket\node_modules\@opentelemetry\instrumentation-connect\node_modules\@opentelemetry\semantic-conventions\build\esm\experimental_attributes.js'] {
npm warn cleanup       errno: -4048,
npm warn cleanup       code: 'EPERM',
npm warn cleanup       syscall: 'unlink',
npm warn cleanup       path: 'C:\\Users\\Orlando\\Desktop\\dev\\nextjs\\quick-ticket\\node_modules\\@opentelemetry\\instrumentation-connect\\node_modules\\@opentelemetry\\semantic-conventions\\build\\esm\\experimental_attributes.js'
npm warn cleanup     }
npm warn cleanup   ],
npm warn cleanup   [
npm warn cleanup     '\\\\?\\C:\\Users\\Orlando\\Desktop\\dev\\nextjs\\quick-ticket\\node_modules\\@opentelemetry\\instrumentation-fs',
npm warn cleanup     [Error: EPERM: operation not permitted, unlink 'C:\Users\Orlando\Desktop\dev\nextjs\quick-ticket\node_modules\@opentelemetry\instrumentation-fs\node_modules\@opentelemetry\semantic-conventions\build\src\experimental_attributes.js.map'] {
npm warn cleanup       errno: -4048,
npm warn cleanup       code: 'EPERM',
npm warn cleanup       syscall: 'unlink',
npm warn cleanup       path: 'C:\\Users\\Orlando\\Desktop\\dev\\nextjs\\quick-ticket\\node_modules\\@opentelemetry\\instrumentation-fs\\node_modules\\@opentelemetry\\semantic-conventions\\build\\src\\experimental_attributes.js.map'
npm warn cleanup     }
npm warn cleanup   ],
npm warn cleanup   [
npm warn cleanup     '\\\\?\\C:\\Users\\Orlando\\Desktop\\dev\\nextjs\\quick-ticket\\node_modules\\@opentelemetry\\instrumentation-koa',
npm warn cleanup     [Error: EPERM: operation not permitted, unlink 'C:\Users\Orlando\Desktop\dev\nextjs\quick-ticket\node_modules\@opentelemetry\instrumentation-koa\node_modules\@opentelemetry\semantic-conventions\build\esm\experimental_attributes.js'] {
npm warn cleanup       errno: -4048,
npm warn cleanup       code: 'EPERM',
npm warn cleanup       syscall: 'unlink',
npm warn cleanup       path: 'C:\\Users\\Orlando\\Desktop\\dev\\nextjs\\quick-ticket\\node_modules\\@opentelemetry\\instrumentation-koa\\node_modules\\@opentelemetry\\semantic-conventions\\build\\esm\\experimental_attributes.js'
npm warn cleanup     }
npm warn cleanup   ],
npm warn cleanup   [
npm warn cleanup     '\\\\?\\C:\\Users\\Orlando\\Desktop\\dev\\nextjs\\quick-ticket\\node_modules\\@opentelemetry\\instrumentation-pg',
npm warn cleanup     [Error: EPERM: operation not permitted, unlink 'C:\Users\Orlando\Desktop\dev\nextjs\quick-ticket\node_modules\@opentelemetry\instrumentation-pg\node_modules\@opentelemetry\semantic-conventions\build\esnext\experimental_attributes.js'] {
npm warn cleanup       errno: -4048,
npm warn cleanup       code: 'EPERM',
npm warn cleanup       syscall: 'unlink',
npm warn cleanup       path: 'C:\\Users\\Orlando\\Desktop\\dev\\nextjs\\quick-ticket\\node_modules\\@opentelemetry\\instrumentation-pg\\node_modules\\@opentelemetry\\semantic-conventions\\build\\esnext\\experimental_attributes.js'
npm warn cleanup     }
npm warn cleanup   ],
npm warn cleanup   [
npm warn cleanup     '\\\\?\\C:\\Users\\Orlando\\Desktop\\dev\\nextjs\\quick-ticket\\node_modules\\@opentelemetry\\instrumentation-mongoose',
npm warn cleanup     [Error: EPERM: operation not permitted, unlink 'C:\Users\Orlando\Desktop\dev\nextjs\quick-ticket\node_modules\@opentelemetry\instrumentation-mongoose\node_modules\@opentelemetry\semantic-conventions\build\esnext\experimental_attributes.js'] {
npm warn cleanup       errno: -4048,
npm warn cleanup       code: 'EPERM',
npm warn cleanup       syscall: 'unlink',
npm warn cleanup       path: 'C:\\Users\\Orlando\\Desktop\\dev\\nextjs\\quick-ticket\\node_modules\\@opentelemetry\\instrumentation-mongoose\\node_modules\\@opentelemetry\\semantic-conventions\\build\\esnext\\experimental_attributes.js'
npm warn cleanup     }
npm warn cleanup   ],
npm warn cleanup   [
npm warn cleanup     '\\\\?\\C:\\Users\\Orlando\\Desktop\\dev\\nextjs\\quick-ticket\\node_modules\\@fastify\\otel',
npm warn cleanup     [Error: EPERM: operation not permitted, unlink 'C:\Users\Orlando\Desktop\dev\nextjs\quick-ticket\node_modules\@fastify\otel\node_modules\@opentelemetry\semantic-conventions\build\esnext\experimental_attributes.js'] {
npm warn cleanup       errno: -4048,
npm warn cleanup       code: 'EPERM',
npm warn cleanup       syscall: 'unlink',
npm warn cleanup       path: 'C:\\Users\\Orlando\\Desktop\\dev\\nextjs\\quick-ticket\\node_modules\\@fastify\\otel\\node_modules\\@opentelemetry\\semantic-conventions\\build\\esnext\\experimental_attributes.js'
npm warn cleanup     }
npm warn cleanup   ],
npm warn cleanup   [
npm warn cleanup     '\\\\?\\C:\\Users\\Orlando\\Desktop\\dev\\nextjs\\quick-ticket\\node_modules\\@opentelemetry\\sql-common',
npm warn cleanup     [Error: EPERM: operation not permitted, unlink 'C:\Users\Orlando\Desktop\dev\nextjs\quick-ticket\node_modules\@opentelemetry\sql-common\node_modules\@opentelemetry\semantic-conventions\build\esnext\stable_attributes.js.map'] {
npm warn cleanup       errno: -4048,
npm warn cleanup       code: 'EPERM',
npm warn cleanup       syscall: 'unlink',
npm warn cleanup       path: 'C:\\Users\\Orlando\\Desktop\\dev\\nextjs\\quick-ticket\\node_modules\\@opentelemetry\\sql-common\\node_modules\\@opentelemetry\\semantic-conventions\\build\\esnext\\stable_attributes.js.map'
npm warn cleanup     }
npm warn cleanup   ],
npm warn cleanup   [
npm warn cleanup     '\\\\?\\C:\\Users\\Orlando\\Desktop\\dev\\nextjs\\quick-ticket\\node_modules\\@opentelemetry\\instrumentation-amqplib',
npm warn cleanup     [Error: EPERM: operation not permitted, unlink 'C:\Users\Orlando\Desktop\dev\nextjs\quick-ticket\node_modules\@opentelemetry\instrumentation-amqplib\node_modules\@opentelemetry\semantic-conventions\build\esnext\experimental_attributes.js'] {
npm warn cleanup       errno: -4048,
npm warn cleanup       code: 'EPERM',
npm warn cleanup       syscall: 'unlink',
npm warn cleanup       path: 'C:\\Users\\Orlando\\Desktop\\dev\\nextjs\\quick-ticket\\node_modules\\@opentelemetry\\instrumentation-amqplib\\node_modules\\@opentelemetry\\semantic-conventions\\build\\esnext\\experimental_attributes.js'
npm warn cleanup     }
npm warn cleanup   ],
npm warn cleanup   [
npm warn cleanup     '\\\\?\\C:\\Users\\Orlando\\Desktop\\dev\\nextjs\\quick-ticket\\node_modules\\@opentelemetry\\instrumentation-express',
npm warn cleanup     [Error: EPERM: operation not permitted, unlink 'C:\Users\Orlando\Desktop\dev\nextjs\quick-ticket\node_modules\@opentelemetry\instrumentation-express\node_modules\@opentelemetry\semantic-conventions\build\src\experimental_attributes.js'] {
npm warn cleanup       errno: -4048,
npm warn cleanup       code: 'EPERM',
npm warn cleanup       syscall: 'unlink',
npm warn cleanup       path: 'C:\\Users\\Orlando\\Desktop\\dev\\nextjs\\quick-ticket\\node_modules\\@opentelemetry\\instrumentation-express\\node_modules\\@opentelemetry\\semantic-conventions\\build\\src\\experimental_attributes.js'
npm warn cleanup     }
npm warn cleanup   ],
npm warn cleanup   [
npm warn cleanup     '\\\\?\\C:\\Users\\Orlando\\Desktop\\dev\\nextjs\\quick-ticket\\node_modules\\@sentry\\node\\node_modules\\@opentelemetry\\sdk-trace-base',
npm warn cleanup     [Error: EPERM: operation not permitted, unlink 'C:\Users\Orlando\Desktop\dev\nextjs\quick-ticket\node_modules\@sentry\node\node_modules\@opentelemetry\sdk-trace-base\node_modules\@opentelemetry\semantic-conventions\build\src\experimental_attributes.js.map'] {
npm warn cleanup       errno: -4048,
npm warn cleanup       code: 'EPERM',
npm warn cleanup       syscall: 'unlink',
npm warn cleanup       path: 'C:\\Users\\Orlando\\Desktop\\dev\\nextjs\\quick-ticket\\node_modules\\@sentry\\node\\node_modules\\@opentelemetry\\sdk-trace-base\\node_modules\\@opentelemetry\\semantic-conventions\\build\\src\\experimental_attributes.js.map'
npm warn cleanup     }
npm warn cleanup   ],
npm warn cleanup   [
npm warn cleanup     '\\\\?\\C:\\Users\\Orlando\\Desktop\\dev\\nextjs\\quick-ticket\\node_modules\\@fastify',
npm warn cleanup     [Error: EPERM: operation not permitted, unlink 'C:\Users\Orlando\Desktop\dev\nextjs\quick-ticket\node_modules\@fastify\otel\node_modules\@opentelemetry\semantic-conventions\build\esnext\experimental_attributes.js'] {
npm warn cleanup       errno: -4048,
npm warn cleanup       code: 'EPERM',
npm warn cleanup       syscall: 'unlink',
npm warn cleanup       path: 'C:\\Users\\Orlando\\Desktop\\dev\\nextjs\\quick-ticket\\node_modules\\@fastify\\otel\\node_modules\\@opentelemetry\\semantic-conventions\\build\\esnext\\experimental_attributes.js'
npm warn cleanup     }
npm warn cleanup   ],
npm warn cleanup   [
npm warn cleanup     '\\\\?\\C:\\Users\\Orlando\\Desktop\\dev\\nextjs\\quick-ticket\\node_modules\\@opentelemetry\\instrumentation-undici',
npm warn cleanup     [Error: EPERM: operation not permitted, unlink 'C:\Users\Orlando\Desktop\dev\nextjs\quick-ticket\node_modules\@opentelemetry\instrumentation-undici\node_modules\@opentelemetry\semantic-conventions\build\src\resource\SemanticResourceAttributes.js'] {
npm warn cleanup       errno: -4048,
npm warn cleanup       code: 'EPERM',
npm warn cleanup       syscall: 'unlink',
npm warn cleanup       path: 'C:\\Users\\Orlando\\Desktop\\dev\\nextjs\\quick-ticket\\node_modules\\@opentelemetry\\instrumentation-undici\\node_modules\\@opentelemetry\\semantic-conventions\\build\\src\\resource\\SemanticResourceAttributes.js'
npm warn cleanup     }
npm warn cleanup   ]
npm warn cleanup ]
npm error code ECONNRESET
npm error syscall read
npm error errno -4077
npm error network read ECONNRESET
npm error network This is a problem related to network connectivity.
npm error network In most cases you are behind a proxy or have bad network settings.
npm error network
npm error network If you are behind a proxy, please make sure that the
npm error network 'proxy' config is set properly.  See: 'npm help config'
npm error A complete log of this run can be found in: C:\Users\Orlando\AppData\Local\npm-cache\_logs\2025-05-17T14_21_13_471Z-debug-0.log
